C51 COMPILER V9.52.0.0   FCT_05A                                                           04/02/2019 17:37:20 PAGE 1   


C51 COMPILER V9.52.0.0, COMPILATION OF MODULE FCT_05A
OBJECT MODULE PLACED IN FCT_05A.OBJ
COMPILER INVOKED BY: C:\Keil\C51\BIN\C51.EXE FCT_05A.c OPTIMIZE(0,SPEED) BROWSE DEBUG OBJECTEXTEND TABS(2)

line level    source

   1          #include "FCT_05A.h"
*** WARNING C323 IN LINE 1 OF FO-M4.h: newline expected, extra characters found
*** WARNING C323 IN LINE 1 OF FO-M3.h: newline expected, extra characters found
   2          
   3          
   4          
   5          
   6          
   7          void compare_detect_dist(void){
   8   1        unsigned char xdata c1[15] = "D 1";
   9   1        unsigned char xdata c2[4] = "MOU";
  10   1        unsigned char xdata c3[6] = "MOU D";
  11   1        unsigned char xdata c4[7] = "MOB A:";
  12   1        unsigned char xdata c5[9] = "MOB D A:";
  13   1        unsigned char xdata c6[7] = "MOS A:";
  14   1        unsigned char xdata c7[9] = "MOS D A:";
  15   1        unsigned char xdata subBuffer4[7];
  16   1        unsigned char xdata subBuffer5[9];
  17   1        unsigned char xdata subBuffer6[7];
  18   1        unsigned char xdata subBuffer7[9];
  19   1        
  20   1        char xdata subBufferNum[3];
  21   1        char distance[10];
  22   1        memcpy(subBuffer4,&Buffer,5);
  23   1        subBuffer4[5]='\0';
  24   1        memcpy(subBuffer5,&Buffer,8);
  25   1        subBuffer5[8]='\0';
  26   1        memcpy(subBuffer6,&Buffer,5);
  27   1        subBuffer6[5]='\0';
  28   1        memcpy(subBuffer7,&Buffer,8);
  29   1        subBuffer7[8]='\0';
  30   1        
  31   1        if ((strcmp(Buffer,c1))==0){
  32   2           
  33   2           sprintf(distance,"%d",Ultrason_Dist());
  34   2        }
  35   1        else if(strcmp(Buffer,c2)==0){
  36   2          
  37   2          sprintf(distance,"%d",Ultrason_Dist());
  38   2        }
  39   1        else if(strcmp(Buffer,c3)==0){
  40   2          sprintf(distance,"%d",Ultrason_Dist());
  41   2        }
  42   1        else if(strcmp(subBuffer4,c4)==0){
  43   2          sprintf(distance,"%d",Ultrason_Dist());
  44   2        }
  45   1        else if(strcmp(subBuffer5,c5)==0){
  46   2          sprintf(distance,"%d",Ultrason_Dist());
  47   2        }
  48   1        else if(strcmp(subBuffer6,c6)==0){
  49   2          sprintf(distance,"%d",Ultrason_Dist());
  50   2        }
  51   1        else if(strcmp(subBuffer7,c7)==0){
  52   2          sprintf(distance,"%d",Ultrason_Dist());
  53   2        }
C51 COMPILER V9.52.0.0   FCT_05A                                                           04/02/2019 17:37:20 PAGE 2   

  54   1        else{ SBUF0='#';}
  55   1        memset(Buffer, 0, sizeof(Buffer));
  56   1      }
*** WARNING C280 IN LINE 20 OF FCT_05A.c: 'subBufferNum': unreferenced local variable


MODULE INFORMATION:   STATIC OVERLAYABLE
   CODE SIZE        =    997    ----
   CONSTANT SIZE    =     60    ----
   XDATA SIZE       =     92    ----
   PDATA SIZE       =   ----    ----
   DATA SIZE        =     10    ----
   IDATA SIZE       =   ----    ----
   BIT SIZE         =   ----    ----
END OF MODULE INFORMATION.


C51 COMPILATION COMPLETE.  3 WARNING(S),  0 ERROR(S)
