C51 COMPILER V9.52.0.0   FCT_03A                                                           04/02/2019 17:37:19 PAGE 1   


C51 COMPILER V9.52.0.0, COMPILATION OF MODULE FCT_03A
OBJECT MODULE PLACED IN FCT_03A.OBJ
COMPILER INVOKED BY: C:\Keil\C51\BIN\C51.EXE FCT_03A.c OPTIMIZE(0,SPEED) BROWSE DEBUG OBJECTEXTEND TABS(2)

line level    source

   1          #include "FCT_03A.h"
*** WARNING C323 IN LINE 1 OF FO-M3.h: newline expected, extra characters found
   2          
   3          //global variable
   4          
   5          
   6          unsigned char xdata c1[15] = "D 1";
   7          
   8          
   9          
  10          
  11          
  12          void delay (void){
  13   1        unsigned int k;
  14   1        for(k=0;k<3000;k++){
  15   2        }
  16   1        return;
  17   1      } 
  18          void arriver(void){
  19   1        SBUF0='A';
  20   1        delay();
  21   1        SBUF0='S';
  22   1        delay();
  23   1        SBUF0=' ';
  24   1        delay();
  25   1        SBUF0='H';
  26   1      }
  27          void compare_servo_H(void){
  28   1        unsigned char xdata c2[8] = "CS H A:";
  29   1        unsigned char xdata subBuffer[8];
  30   1        char xdata subBufferNum[3];
  31   1        memcpy(subBuffer,&Buffer,7);
  32   1        subBuffer[7]='\0';
  33   1        memcpy(subBufferNum,&Buffer[7],3);
  34   1        if ((strcmp(Buffer,c1))==0){
  35   2          
  36   2        }
  37   1        else if(strcmp(subBuffer,c2)==0){
  38   2          float timetomove = CDE_Servo_H(subBufferNum);
  39   2          temps =150.0*timetomove;
  40   2          running=1;
  41   2        }
  42   1        else{ SBUF0='#';}
  43   1        memset(Buffer, 0, sizeof(Buffer));
  44   1      }
  45              
  46              
  47          


MODULE INFORMATION:   STATIC OVERLAYABLE
   CODE SIZE        =    309    ----
   CONSTANT SIZE    =      8    ----
   XDATA SIZE       =     34    ----
   PDATA SIZE       =   ----    ----
C51 COMPILER V9.52.0.0   FCT_03A                                                           04/02/2019 17:37:19 PAGE 2   

   DATA SIZE        =      6    ----
   IDATA SIZE       =   ----    ----
   BIT SIZE         =   ----    ----
END OF MODULE INFORMATION.


C51 COMPILATION COMPLETE.  1 WARNING(S),  0 ERROR(S)
